<?xml version="1.0" encoding="UTF-8"?>
<!-- Generated by org.testng.reporters.JUnitXMLReporter -->
<testsuite hostname="DESKTOP-8D7L466" ignored="0" name="SecondPage Test Cases" tests="18" failures="6" timestamp="2020-08-26T18:47:19 IST" time="44.074" errors="0">
  <testcase name="verifySecondPageTest" time="0.327" classname="com.course.test.courseSecondPageTest"/>
  <testcase name="verifyDomainNameTest" time="0.228" classname="com.course.test.courseSecondPageTest"/>
  <testcase name="skillButtonVisibilityTest" time="2.711" classname="com.course.test.courseSecondPageTest"/>
  <testcase name="setInvalidSkillsTest1" time="7.931" classname="com.course.test.courseSecondPageTest">
    <failure type="java.lang.AssertionError" message="The following asserts failed:
	No such courses available did not expect to find [true] but found [false]">
      <![CDATA[java.lang.AssertionError: The following asserts failed:
No such courses available did not expect to find [true] but found [false]
at com.course.test.courseSecondPageTest.setInvalidSkillsTest1(courseSecondPageTest.java:73)
at java.util.ArrayList.forEach(ArrayList.java:1257)
... Removed 33 stack frames]]>
    </failure>
  </testcase> <!-- setInvalidSkillsTest1 -->
  <testcase name="setInvalidSkillsTest2" time="0.626" classname="com.course.test.courseSecondPageTest">
    <failure type="java.lang.AssertionError" message="The following asserts failed:
	No such courses available did not expect to find [true] but found [false]">
      <![CDATA[java.lang.AssertionError: The following asserts failed:
No such courses available did not expect to find [true] but found [false]
at com.course.test.courseSecondPageTest.setInvalidSkillsTest2(courseSecondPageTest.java:82)
at java.util.ArrayList.forEach(ArrayList.java:1257)
... Removed 33 stack frames]]>
    </failure>
  </testcase> <!-- setInvalidSkillsTest2 -->
  <testcase name="setInvalidSkillsTest3" time="0.654" classname="com.course.test.courseSecondPageTest">
    <failure type="java.lang.AssertionError" message="The following asserts failed:
	No such courses available did not expect to find [true] but found [false]">
      <![CDATA[java.lang.AssertionError: The following asserts failed:
No such courses available did not expect to find [true] but found [false]
at com.course.test.courseSecondPageTest.setInvalidSkillsTest3(courseSecondPageTest.java:91)
at java.util.ArrayList.forEach(ArrayList.java:1257)
... Removed 33 stack frames]]>
    </failure>
  </testcase> <!-- setInvalidSkillsTest3 -->
  <testcase name="setValidSkillFilterTest" time="1.479" classname="com.course.test.courseSecondPageTest"/>
  <testcase name="LevelButtonVisibilityTest" time="0.047" classname="com.course.test.courseSecondPageTest"/>
  <testcase name="setLevelFilterTest" time="0.654" classname="com.course.test.courseSecondPageTest"/>
  <testcase name="LanguageButtonVisibilityTest" time="0.042" classname="com.course.test.courseSecondPageTest"/>
  <testcase name="setInvalidLanguageTest1" time="0.909" classname="com.course.test.courseSecondPageTest">
    <failure type="java.lang.AssertionError" message="The following asserts failed:
	No such Languages available did not expect to find [true] but found [false]">
      <![CDATA[java.lang.AssertionError: The following asserts failed:
No such Languages available did not expect to find [true] but found [false]
at com.course.test.courseSecondPageTest.setInvalidLanguageTest1(courseSecondPageTest.java:119)
at java.util.ArrayList.forEach(ArrayList.java:1257)
... Removed 33 stack frames]]>
    </failure>
  </testcase> <!-- setInvalidLanguageTest1 -->
  <testcase name="setInvalidLanguageTest2" time="0.544" classname="com.course.test.courseSecondPageTest">
    <failure type="java.lang.AssertionError" message="The following asserts failed:
	No such Languages available did not expect to find [true] but found [false]">
      <![CDATA[java.lang.AssertionError: The following asserts failed:
No such Languages available did not expect to find [true] but found [false]
at com.course.test.courseSecondPageTest.setInvalidLanguageTest2(courseSecondPageTest.java:128)
at java.util.ArrayList.forEach(ArrayList.java:1257)
... Removed 33 stack frames]]>
    </failure>
  </testcase> <!-- setInvalidLanguageTest2 -->
  <testcase name="setInvalidLanguageTest3" time="0.51" classname="com.course.test.courseSecondPageTest">
    <failure type="java.lang.AssertionError" message="The following asserts failed:
	No such Languages available did not expect to find [true] but found [false]">
      <![CDATA[java.lang.AssertionError: The following asserts failed:
No such Languages available did not expect to find [true] but found [false]
at com.course.test.courseSecondPageTest.setInvalidLanguageTest3(courseSecondPageTest.java:137)
at java.util.ArrayList.forEach(ArrayList.java:1257)
... Removed 33 stack frames]]>
    </failure>
  </testcase> <!-- setInvalidLanguageTest3 -->
  <testcase name="setValidLanguageFilterTest" time="1.041" classname="com.course.test.courseSecondPageTest"/>
  <testcase name="ApplyButtonVisibilityTest" time="0.104" classname="com.course.test.courseSecondPageTest"/>
  <testcase name="applyFiltersTest" time="1.764" classname="com.course.test.courseSecondPageTest"/>
  <testcase name="getFirstCourseInfoTest" time="1.084" classname="com.course.test.courseSecondPageTest"/>
  <testcase name="getSecondCourseInfoTest" time="0.693" classname="com.course.test.courseSecondPageTest"/>
</testsuite> <!-- SecondPage Test Cases -->
